<?xml version="1.0" encoding="UTF-8"?>
<!-- Generated by org.testng.reporters.JUnitReportReporter -->
<testsuite hostname="DESKTOP-MA9UMF9" failures="0" tests="2" name="com.employeeapi.testcases.TC004_PUT_Employee_Record" time="0.003" errors="0" timestamp="14 May 2020 08:37:40 GMT">
  <testcase classname="com.employeeapi.testcases.TC004_PUT_Employee_Record" name="checkStatusLine" time="0.000"/>
  <testcase classname="com.employeeapi.testcases.TC004_PUT_Employee_Record" name="checkStatusCode" time="0.003"/>
</testsuite> <!-- com.employeeapi.testcases.TC004_PUT_Employee_Record -->
