<?xml version="1.0" encoding="UTF-8"?>
<!-- Generated by org.testng.reporters.JUnitReportReporter -->
<testsuite hostname="DESKTOP-MA9UMF9" failures="0" tests="9" name="com.employeeapi.testcases.TC001_GET_Employee_Record" time="0.041" errors="0" timestamp="21 May 2020 02:21:26 GMT">
  <testcase classname="com.employeeapi.testcases.TC001_GET_Employee_Record" name="checkResponseTime" time="0.002"/>
  <testcase classname="com.employeeapi.testcases.TC001_GET_Employee_Record" name="checkServerType" time="0.001"/>
  <testcase classname="com.employeeapi.testcases.TC001_GET_Employee_Record" name="checkCookies" time="0.001"/>
  <testcase classname="com.employeeapi.testcases.TC001_GET_Employee_Record" name="checkResponseBody" time="0.021"/>
  <testcase classname="com.employeeapi.testcases.TC001_GET_Employee_Record" name="checkContentCoding" time="0.006"/>
  <testcase classname="com.employeeapi.testcases.TC001_GET_Employee_Record" name="checkStatus" time="0.004"/>
  <testcase classname="com.employeeapi.testcases.TC001_GET_Employee_Record" name="checkContentLength" time="0.002"/>
  <testcase classname="com.employeeapi.testcases.TC001_GET_Employee_Record" name="checkContentType" time="0.003"/>
  <testcase classname="com.employeeapi.testcases.TC001_GET_Employee_Record" name="checkStatusLine" time="0.001"/>
</testsuite> <!-- com.employeeapi.testcases.TC001_GET_Employee_Record -->
