<?xml version="1.0" encoding="UTF-8"?>
<!-- Generated by org.testng.reporters.JUnitReportReporter -->
<testsuite hostname="DESKTOP-MA9UMF9" failures="0" tests="9" name="com.employeeapi.testcases.TC001_GET_All_Employees" time="0.043" errors="0" timestamp="14 May 2020 08:37:40 GMT">
  <testcase classname="com.employeeapi.testcases.TC001_GET_All_Employees" name="checkCookies" time="0.002"/>
  <testcase classname="com.employeeapi.testcases.TC001_GET_All_Employees" name="checkResponseBody" time="0.023"/>
  <testcase classname="com.employeeapi.testcases.TC001_GET_All_Employees" name="checkContentLength" time="0.001"/>
  <testcase classname="com.employeeapi.testcases.TC001_GET_All_Employees" name="checkContentType" time="0.002"/>
  <testcase classname="com.employeeapi.testcases.TC001_GET_All_Employees" name="checkServerType" time="0.003"/>
  <testcase classname="com.employeeapi.testcases.TC001_GET_All_Employees" name="checkContentCoding" time="0.005"/>
  <testcase classname="com.employeeapi.testcases.TC001_GET_All_Employees" name="checkStatus" time="0.003"/>
  <testcase classname="com.employeeapi.testcases.TC001_GET_All_Employees" name="checkResponseTime" time="0.002"/>
  <testcase classname="com.employeeapi.testcases.TC001_GET_All_Employees" name="checkStatusLine" time="0.002"/>
</testsuite> <!-- com.employeeapi.testcases.TC001_GET_All_Employees -->
