<?xml version="1.0" encoding="UTF-8"?>
<!-- Generated by org.testng.reporters.JUnitReportReporter -->
<testsuite hostname="DESKTOP-MA9UMF9" failures="0" tests="2" name="com.employeeapi.testcases.TC004_PUT_Employee_Record" time="0.006" errors="0" timestamp="21 May 2020 02:21:59 GMT">
  <testcase classname="com.employeeapi.testcases.TC004_PUT_Employee_Record" name="checkStatusCode" time="0.005"/>
  <testcase classname="com.employeeapi.testcases.TC004_PUT_Employee_Record" name="checkStatusLine" time="0.001"/>
</testsuite> <!-- com.employeeapi.testcases.TC004_PUT_Employee_Record -->
